<?xml version="1.0" encoding="UTF-8"?>
<!-- Generated by org.testng.reporters.JUnitReportReporter -->
<testsuite skipped="0" hostname="DESKTOP-SFK9UNH" name="com.crm.campaign.VeriFyCreateCampaign" tests="1" failures="0" timestamp="2019-11-21T18:47:35 IST" time="3.402" errors="0">
  <testcase name="VeriCReateCampTest" time="3.402" classname="com.crm.campaign.VeriFyCreateCampaign"/>
</testsuite> <!-- com.crm.campaign.VeriFyCreateCampaign -->
