<?xml version="1.0" encoding="UTF-8"?>
<!-- Generated by org.testng.reporters.JUnitReportReporter -->
<testsuite skipped="2" hostname="DESKTOP-SFK9UNH" name="com.crm.campaign.VerifyNewCampaign" tests="3" failures="0" timestamp="2019-11-25T11:51:55 IST" time="12.849" errors="0">
  <testcase name="VerifyCampaignNAme" time="12.849" classname="com.crm.campaign.VerifyNewCampaign"/>
  <testcase name="verifyCampaign" classname="com.crm.campaign.VerifyNewCampaign">
    <skipped/>
  </testcase> <!-- verifyCampaign -->
  <testcase name="verifyClickNewCamp" classname="com.crm.campaign.VerifyNewCampaign">
    <skipped/>
  </testcase> <!-- verifyClickNewCamp -->
</testsuite> <!-- com.crm.campaign.VerifyNewCampaign -->
